<?xml version="1.0" encoding="UTF-8"?>
<!-- Generated by org.testng.reporters.JUnitXMLReporter -->
<testsuite hostname="ip-172-31-91-231" ignored="2" name="Default test" tests="1" failures="0" timestamp="02 Dec 2021 05:32:04 GMT" time="4.452" errors="0">
  <testcase name="ExcelTest" time="2.652" classname="test.LoginTest"/>
  <testcase name="NegativeLogin" time="0.0" classname="test.LoginTest">
    <ignored/>
  </testcase> <!-- NegativeLogin -->
  <testcase name="positiveLogin" time="0.0" classname="test.LoginTest">
    <ignored/>
  </testcase> <!-- positiveLogin -->
</testsuite> <!-- Default test -->
