<?xml version="1.0" encoding="UTF-8"?>
<!-- Generated by org.testng.reporters.JUnitXMLReporter -->
<testsuite hostname="ip-172-31-91-231" ignored="0" name="Test" tests="3" failures="1" timestamp="06 Dec 2021 07:22:41 GMT" time="12.151" errors="0">
  <testcase name="ExcelTest" time="2.284" classname="test.LoginTest"/>
  <testcase name="NegativeLogin" time="2.15" classname="test.LoginTest">
    <failure type="java.lang.AssertionError" message="expected [true] but found [false]">
      <![CDATA[java.lang.AssertionError: expected [true] but found [false]
at test.LoginTest.NegativeLogin(LoginTest.java:27)
... Removed 29 stack frames]]>
    </failure>
  </testcase> <!-- NegativeLogin -->
  <testcase name="positiveLogin" time="2.478" classname="test.LoginTest"/>
</testsuite> <!-- Test -->
