<?xml version="1.0" encoding="UTF-8"?>
<testng-results skipped="0" failed="0" ignored="0" total="3" passed="3">
  <reporter-output>
  </reporter-output>
  <suite name="Suite" duration-ms="12722" started-at="2021-12-02T05:57:37Z" finished-at="2021-12-02T05:57:49Z">
    <groups>
    </groups>
    <test name="Test" duration-ms="12722" started-at="2021-12-02T05:57:37Z" finished-at="2021-12-02T05:57:49Z">
      <class name="test.LoginTest">
        <test-method status="PASS" signature="ReportSetup()[pri:0, instance:test.LoginTest@543c6f6d]" name="ReportSetup" is-config="true" duration-ms="510" started-at="2021-12-02T05:57:37Z" finished-at="2021-12-02T05:57:37Z">
          <reporter-output>
          </reporter-output>
        </test-method> <!-- ReportSetup -->
        <test-method status="PASS" signature="setup()[pri:0, instance:test.LoginTest@543c6f6d]" name="setup" is-config="true" duration-ms="1487" started-at="2021-12-02T05:57:37Z" finished-at="2021-12-02T05:57:39Z">
          <reporter-output>
          </reporter-output>
        </test-method> <!-- setup -->
        <test-method status="PASS" signature="ExcelTest()[pri:0, instance:test.LoginTest@543c6f6d]" name="ExcelTest" duration-ms="3141" started-at="2021-12-02T05:57:39Z" finished-at="2021-12-02T05:57:42Z">
          <reporter-output>
          </reporter-output>
        </test-method> <!-- ExcelTest -->
        <test-method status="PASS" signature="teardown()[pri:0, instance:test.LoginTest@543c6f6d]" name="teardown" is-config="true" duration-ms="80" started-at="2021-12-02T05:57:42Z" finished-at="2021-12-02T05:57:42Z">
          <reporter-output>
          </reporter-output>
        </test-method> <!-- teardown -->
        <test-method status="PASS" signature="setup()[pri:0, instance:test.LoginTest@543c6f6d]" name="setup" is-config="true" duration-ms="1441" started-at="2021-12-02T05:57:42Z" finished-at="2021-12-02T05:57:43Z">
          <reporter-output>
          </reporter-output>
        </test-method> <!-- setup -->
        <test-method status="PASS" signature="NegativeLogin(java.lang.String, java.lang.String)[pri:0, instance:test.LoginTest@543c6f6d]" name="NegativeLogin" duration-ms="2951" started-at="2021-12-02T05:57:43Z" finished-at="2021-12-02T05:57:46Z">
          <params>
            <param index="0">
              <value>
                <![CDATA[abc@def.com]]>
              </value>
            </param>
            <param index="1">
              <value>
                <![CDATA[JG@3xfzn]]>
              </value>
            </param>
          </params>
          <reporter-output>
          </reporter-output>
        </test-method> <!-- NegativeLogin -->
        <test-method status="PASS" signature="teardown()[pri:0, instance:test.LoginTest@543c6f6d]" name="teardown" is-config="true" duration-ms="70" started-at="2021-12-02T05:57:46Z" finished-at="2021-12-02T05:57:46Z">
          <reporter-output>
          </reporter-output>
        </test-method> <!-- teardown -->
        <test-method status="PASS" signature="setup()[pri:0, instance:test.LoginTest@543c6f6d]" name="setup" is-config="true" duration-ms="1368" started-at="2021-12-02T05:57:46Z" finished-at="2021-12-02T05:57:48Z">
          <reporter-output>
          </reporter-output>
        </test-method> <!-- setup -->
        <test-method status="PASS" signature="positiveLogin(java.lang.String, java.lang.String)[pri:0, instance:test.LoginTest@543c6f6d]" name="positiveLogin" duration-ms="1362" started-at="2021-12-02T05:57:48Z" finished-at="2021-12-02T05:57:49Z">
          <params>
            <param index="0">
              <value>
                <![CDATA[abc@def.com]]>
              </value>
            </param>
            <param index="1">
              <value>
                <![CDATA[JG@3xfzn]]>
              </value>
            </param>
          </params>
          <reporter-output>
          </reporter-output>
        </test-method> <!-- positiveLogin -->
        <test-method status="PASS" signature="teardown()[pri:0, instance:test.LoginTest@543c6f6d]" name="teardown" is-config="true" duration-ms="70" started-at="2021-12-02T05:57:49Z" finished-at="2021-12-02T05:57:49Z">
          <reporter-output>
          </reporter-output>
        </test-method> <!-- teardown -->
        <test-method status="PASS" signature="ReportTearDown()[pri:0, instance:test.LoginTest@543c6f6d]" name="ReportTearDown" is-config="true" duration-ms="226" started-at="2021-12-02T05:57:49Z" finished-at="2021-12-02T05:57:49Z">
          <reporter-output>
          </reporter-output>
        </test-method> <!-- ReportTearDown -->
      </class> <!-- test.LoginTest -->
    </test> <!-- Test -->
  </suite> <!-- Suite -->
</testng-results>
